<?xml version="1.0" encoding="UTF-8"?>
<!-- Generated by org.testng.reporters.JUnitReportReporter -->
<testsuite hostname="Ashok" failures="0" tests="2" name="pratice.CreateOrgTest" time="0.001" errors="0" timestamp="2024-10-17T14:57:59 IST" skipped="0">
  <testcase classname="pratice.CreateOrgTest" name="deleteOrgTest" time="0.000"/>
  <testcase classname="pratice.CreateOrgTest" name="createOrgTest" time="0.001"/>
</testsuite> <!-- pratice.CreateOrgTest -->
