<?xml version="1.0" encoding="UTF-8"?>
<!-- Generated by org.testng.reporters.JUnitReportReporter -->
<testsuite hostname="Ashok" failures="0" tests="2" name="pratice.CreateContactTest" time="0.006" errors="0" timestamp="2024-10-17T14:57:59 IST" skipped="0">
  <testcase classname="pratice.CreateContactTest" name="deleteContactTest" time="0.002"/>
  <testcase classname="pratice.CreateContactTest" name="createContactTest" time="0.004"/>
</testsuite> <!-- pratice.CreateContactTest -->
